<?xml version="1.0" encoding="UTF-8"?>
<!-- Generated by org.testng.reporters.JUnitReportReporter -->
<testsuite hostname="DESKTOP-7SPVVPJ" failures="0" tests="2" name="TestScenarios.TestFN" time="12.897" errors="0" timestamp="2022-01-21T12:32:15 IST" skipped="0">
  <testcase classname="TestScenarios.TestFN" name="SearchOperation" time="9.664"/>
  <system-out/>
  <testcase classname="TestScenarios.TestFN" name="AccessFacebook" time="3.233"/>
  <system-out/>
</testsuite> <!-- TestScenarios.TestFN -->
