<?xml version="1.0" encoding="UTF-8"?>
<!-- Generated by org.testng.reporters.JUnitReportReporter -->
<testsuite hostname="DESKTOP-7SPVVPJ" failures="0" tests="1" name="testng.testng" time="0.006" errors="0" timestamp="2022-01-13T11:39:48 IST" skipped="0">
  <testcase classname="testng.testng" name="test2" time="0.006"/>
  <system-out/>
</testsuite> <!-- testng.testng -->
